<?xml version="1.0" encoding="UTF-8"?>
<!-- Generated by org.testng.reporters.JUnitXMLReporter -->
<testsuite ignored="0" hostname="DESKTOP-F8LIS96" failures="0" tests="1" name="Test2" time="0.114" errors="0" timestamp="2022-06-20T17:39:12 IST">
  <testcase classname="kiteWithCROSSBROWSER.TestNGCLASS" name="@BeforeClass launchbrowser" time="0.001">
    <failure type="java.lang.NullPointerException">
      <![CDATA[java.lang.NullPointerException
at kiteWithCROSSBROWSER.TestNGCLASS.launchbrowser(TestNGCLASS.java:41)
at java.base/java.util.ArrayList.forEach(ArrayList.java:1541)
... Removed 25 stack frames]]>
    </failure>
  </testcase> <!-- @BeforeClass launchbrowser -->
  <testcase classname="kiteWithCROSSBROWSER.TestNGCLASS" name="@BeforeMethod KiteLogin" time="-1.655726951975E9">
    <skipped/>
  </testcase> <!-- @BeforeMethod KiteLogin -->
  <testcase classname="kiteWithCROSSBROWSER.TestNGCLASS" name="@AfterMethod logout" time="-1.655726952004E9">
    <skipped/>
  </testcase> <!-- @AfterMethod logout -->
  <testcase classname="kiteWithCROSSBROWSER.TestNGCLASS" name="@AfterClass closebrowser" time="-1.655726952008E9">
    <skipped/>
  </testcase> <!-- @AfterClass closebrowser -->
  <testcase classname="kiteWithCROSSBROWSER.TestNGCLASS" name="Validateuserid" time="0.0">
    <skipped/>
  </testcase> <!-- Validateuserid -->
</testsuite> <!-- Test2 -->
