<?xml version="1.0" encoding="UTF-8"?>
<!-- Generated by org.testng.reporters.JUnitXMLReporter -->
<testsuite ignored="0" hostname="DESKTOP-F8LIS96" failures="0" tests="4" name="Test" time="0.145" errors="0" timestamp="2022-06-23T22:10:33 IST">
  <testcase classname="testnglistnersindiffway.PuneTest" name="shivajinagar" time="0.019"/>
  <testcase classname="testnglistnersindiffway.PuneTest" name="swargate" time="0.007"/>
  <testcase classname="testnglistnersindiffway.Mumbai" name="ghansoli" time="0.003"/>
  <testcase classname="testnglistnersindiffway.Mumbai" name="sanpada" time="0.003"/>
</testsuite> <!-- Test -->
